2022-06-10 09:36:47,610:INFO:Initializing load_model()
2022-06-10 09:36:47,610:INFO:load_model(model_name=model_3x, platform=None, authentication=None, verbose=True)
2022-06-10 09:38:48,263:INFO:Initializing load_model()
2022-06-10 09:38:48,263:INFO:load_model(model_name=./model/model_3x, platform=None, authentication=None, verbose=True)
2022-06-10 09:39:15,424:INFO:Initializing load_model()
2022-06-10 09:39:15,424:INFO:load_model(model_name=./model/model_2x, platform=None, authentication=None, verbose=True)
2022-06-10 09:56:38,750:INFO:Initializing predict_model()
2022-06-10 09:56:38,750:INFO:predict_model(estimator=Pipeline(steps=[('dtypes',
                 DataTypes_Auto_infer(display_types=False,
                                      ml_usecase='regression',
                                      target='target')),
                ('imputer',
                 Simple_Imputer(categorical_strategy='not_available',
                                fill_value_categorical=None,
                                fill_value_numerical=None,
                                numeric_strategy='mean',
                                target_variable=None)),
                ('new_levels1',
                 New_Catagorical_Levels_in_TestData(replacement_strategy='least...
                ('fix_perfect', Remove_100(target='target')),
                ('clean_names', Clean_Colum_Names()),
                ('feature_select', 'passthrough'), ('fix_multi', 'passthrough'),
                ('dfs', 'passthrough'), ('pca', 'passthrough'),
                ['trained_model',
                 VotingRegressor(estimators=[('huber', HuberRegressor()),
                                             ('par',
                                              PassiveAggressiveRegressor(random_state=2022)),
                                             ('lightgbm',
                                              LGBMRegressor(random_state=2022))],
                                 n_jobs=-1)]]), probability_threshold=None, encoded_labels=True, drift_report=False, raw_score=False, round=4, verbose=True, ml_usecase=MLUsecase.REGRESSION, display=None, drift_kwargs=None)
2022-06-10 09:56:38,752:INFO:Checking exceptions
2022-06-10 09:56:38,752:INFO:Preloading libraries
2022-06-10 10:42:24,780:INFO:Initializing load_model()
2022-06-10 10:42:24,803:INFO:load_model(model_name=./model/model_2x, platform=None, authentication=None, verbose=True)
